c:\users\user\desktop\dev\ptixiaki\global_illumination\global_illumination\x64\release\vc143.pdb
c:\users\user\desktop\dev\ptixiaki\global_illumination\global_illumination\x64\release\imgui_tables.obj
c:\users\user\desktop\dev\ptixiaki\global_illumination\global_illumination\x64\release\imgui_impl_opengl3.obj
c:\users\user\desktop\dev\ptixiaki\global_illumination\global_illumination\x64\release\imgui_impl_glfw.obj
c:\users\user\desktop\dev\ptixiaki\global_illumination\global_illumination\x64\release\imgui_draw.obj
c:\users\user\desktop\dev\ptixiaki\global_illumination\global_illumination\x64\release\imgui_demo.obj
c:\users\user\desktop\dev\ptixiaki\global_illumination\global_illumination\x64\release\imgui.obj
c:\users\user\desktop\dev\ptixiaki\global_illumination\global_illumination\x64\release\window.obj
c:\users\user\desktop\dev\ptixiaki\global_illumination\global_illumination\x64\release\vertexbuffer.obj
c:\users\user\desktop\dev\ptixiaki\global_illumination\global_illumination\x64\release\vertexarray.obj
c:\users\user\desktop\dev\ptixiaki\global_illumination\global_illumination\x64\release\texture.obj
c:\users\user\desktop\dev\ptixiaki\global_illumination\global_illumination\x64\release\shader.obj
c:\users\user\desktop\dev\ptixiaki\global_illumination\global_illumination\x64\release\opengl.obj
c:\users\user\desktop\dev\ptixiaki\global_illumination\global_illumination\x64\release\mesh.obj
c:\users\user\desktop\dev\ptixiaki\global_illumination\global_illumination\x64\release\indexbuffer.obj
c:\users\user\desktop\dev\ptixiaki\global_illumination\global_illumination\x64\release\framebuffer.obj
c:\users\user\desktop\dev\ptixiaki\global_illumination\global_illumination\x64\release\texturefactory.obj
c:\users\user\desktop\dev\ptixiaki\global_illumination\global_illumination\x64\release\shaderfactory.obj
c:\users\user\desktop\dev\ptixiaki\global_illumination\global_illumination\x64\release\objloader.obj
c:\users\user\desktop\dev\ptixiaki\global_illumination\global_illumination\x64\release\meshfactory.obj
c:\users\user\desktop\dev\ptixiaki\global_illumination\global_illumination\x64\release\assetmanagement.obj
c:\users\user\desktop\dev\ptixiaki\global_illumination\global_illumination\x64\release\application.obj
c:\users\user\desktop\dev\ptixiaki\global_illumination\global_illumination\x64\release\fileutilities.obj
c:\users\user\desktop\dev\ptixiaki\global_illumination\global_illumination\x64\release\model.obj
c:\users\user\desktop\dev\ptixiaki\global_illumination\global_illumination\x64\release\camera.obj
c:\users\user\desktop\dev\ptixiaki\global_illumination\global_illumination\x64\release\renderer.obj
c:\users\user\desktop\dev\ptixiaki\global_illumination\global_illumination\x64\release\main.obj
c:\users\user\desktop\dev\ptixiaki\global_illumination\global_illumination\x64\release\imgui_widgets.obj
c:\users\user\desktop\dev\ptixiaki\global_illumination\global_illumination\x64\release\glad.obj
c:\users\user\desktop\dev\ptixiaki\global_illumination\x64\release\global_illumination.exe
c:\users\user\desktop\dev\ptixiaki\global_illumination\global_illumination\x64\release\global_illumination.ipdb
c:\users\user\desktop\dev\ptixiaki\global_illumination\x64\release\global_illumination.pdb
c:\users\user\desktop\dev\ptixiaki\global_illumination\global_illumination\x64\release\global_illumination.iobj
c:\users\user\desktop\dev\ptixiaki\global_illumination\global_illumination\x64\release\global_i.4145b4e0.tlog\cl.command.1.tlog
c:\users\user\desktop\dev\ptixiaki\global_illumination\global_illumination\x64\release\global_i.4145b4e0.tlog\cl.read.1.tlog
c:\users\user\desktop\dev\ptixiaki\global_illumination\global_illumination\x64\release\global_i.4145b4e0.tlog\cl.write.1.tlog
c:\users\user\desktop\dev\ptixiaki\global_illumination\global_illumination\x64\release\global_i.4145b4e0.tlog\link.command.1.tlog
c:\users\user\desktop\dev\ptixiaki\global_illumination\global_illumination\x64\release\global_i.4145b4e0.tlog\link.read.1.tlog
c:\users\user\desktop\dev\ptixiaki\global_illumination\global_illumination\x64\release\global_i.4145b4e0.tlog\link.write.1.tlog
