  AssetManagement.cpp
  MeshFactory.cpp
  Box.cpp
  GeometryDrawStratagy.cpp
C:\Users\User\Desktop\dev\computer_graphics\ptixiaki\global_illumination\global_illumination\src\Voxelization\Voxelizer.h(34,50): warning C4244: '=': conversion from 'T' to 'u32', possible loss of data
          with
          [
              T=float
          ]
  ShadowMapDrawStrategy.cpp
  ShaderFactory.cpp
  TextureFactory.cpp
  FrameBuffer.cpp
  Mesh.cpp
  OpenGL.cpp
  Shader.cpp
  Texture.cpp
  VoxelizerDrawStratagy.cpp
C:\Users\User\Desktop\dev\computer_graphics\ptixiaki\global_illumination\global_illumination\src\Voxelization\Voxelizer.h(34,50): warning C4244: '=': conversion from 'T' to 'u32', possible loss of data
          with
          [
              T=float
          ]
  GeometryNode.cpp
  Node.cpp
  Scene.cpp
  Voxelizer.cpp
C:\Users\User\Desktop\dev\computer_graphics\ptixiaki\global_illumination\global_illumination\src\Voxelization\Voxelizer.h(34,50): warning C4244: '=': conversion from 'T' to 'u32', possible loss of data
          with
          [
              T=float
          ]
C:\Program Files\Microsoft Visual Studio\2022\Community\VC\Tools\MSVC\14.31.31103\include\memory(3417,56): warning C4244: 'argument': conversion from 'T' to 'u32', possible loss of data
          with
          [
              T=float
          ]
C:\Users\User\Desktop\dev\computer_graphics\ptixiaki\global_illumination\global_illumination\src\Voxelization\Voxelizer.cpp(25): message : see reference to function template instantiation 'std::unique_ptr<GL::FrameBuffer,std::default_delete<GL::FrameBuffer>> std::make_unique<GL::FrameBuffer,T&,T&,int,GL::TextureFormat,0>(T &,T &,int &&,GL::TextureFormat &&)' being compiled
          with
          [
              T=float
          ]
  Window.cpp
  main.cpp
C:\Users\User\Desktop\dev\computer_graphics\ptixiaki\global_illumination\global_illumination\src\Voxelization\Voxelizer.h(34,50): warning C4244: '=': conversion from 'T' to 'u32', possible loss of data
          with
          [
              T=float
          ]
  Renderer.cpp
C:\Users\User\Desktop\dev\computer_graphics\ptixiaki\global_illumination\global_illumination\src\Voxelization\Voxelizer.h(34,50): warning C4244: '=': conversion from 'T' to 'u32', possible loss of data
          with
          [
              T=float
          ]
  Compiling...
  Application.cpp
C:\Users\User\Desktop\dev\computer_graphics\ptixiaki\global_illumination\global_illumination\src\Voxelization\Voxelizer.h(34,50): warning C4244: '=': conversion from 'T' to 'u32', possible loss of data
          with
          [
              T=float
          ]
  Generating code
  594 of 3271 functions (18.2%) were compiled, the rest were copied from previous compilation.
    82 functions were new in current compilation
    164 functions had inline decision re-evaluated but remain unchanged
  Finished generating code
  global_illumination.vcxproj -> C:\Users\User\Desktop\dev\computer_graphics\ptixiaki\global_illumination\x64\Release\global_illumination.exe
