c:\users\user\desktop\dev\computer_graphics\ptixiaki\global_illumination\global_illumination\x64\debug\vc143.pdb
c:\users\user\desktop\dev\computer_graphics\ptixiaki\global_illumination\global_illumination\x64\debug\vc143.idb
c:\users\user\desktop\dev\computer_graphics\ptixiaki\global_illumination\global_illumination\x64\debug\glad.obj
c:\users\user\desktop\dev\computer_graphics\ptixiaki\global_illumination\global_illumination\x64\debug\randomnumbers.obj
c:\users\user\desktop\dev\computer_graphics\ptixiaki\global_illumination\global_illumination\x64\debug\shadowmapdrawstrategy.obj
c:\users\user\desktop\dev\computer_graphics\ptixiaki\global_illumination\global_illumination\x64\debug\texture.obj
c:\users\user\desktop\dev\computer_graphics\ptixiaki\global_illumination\global_illumination\x64\debug\imgui_demo.obj
c:\users\user\desktop\dev\computer_graphics\ptixiaki\global_illumination\global_illumination\x64\debug\main.obj
c:\users\user\desktop\dev\computer_graphics\ptixiaki\global_illumination\global_illumination\x64\debug\nodebehavior.obj
c:\users\user\desktop\dev\computer_graphics\ptixiaki\global_illumination\global_illumination\x64\debug\shaderfactory.obj
c:\users\user\desktop\dev\computer_graphics\ptixiaki\global_illumination\global_illumination\x64\debug\vertexarray.obj
c:\users\user\desktop\dev\computer_graphics\ptixiaki\global_illumination\global_illumination\x64\debug\imgui.obj
c:\users\user\desktop\dev\computer_graphics\ptixiaki\global_illumination\global_illumination\x64\debug\fileutilities.obj
c:\users\user\desktop\dev\computer_graphics\ptixiaki\global_illumination\global_illumination\x64\debug\box.obj
c:\users\user\desktop\dev\computer_graphics\ptixiaki\global_illumination\global_illumination\x64\debug\geometrydrawstratagy.obj
c:\users\user\desktop\dev\computer_graphics\ptixiaki\global_illumination\global_illumination\x64\debug\shader.obj
c:\users\user\desktop\dev\computer_graphics\ptixiaki\global_illumination\global_illumination\x64\debug\imgui_draw.obj
c:\users\user\desktop\dev\computer_graphics\ptixiaki\global_illumination\global_illumination\x64\debug\renderer.obj
c:\users\user\desktop\dev\computer_graphics\ptixiaki\global_illumination\global_illumination\x64\debug\previewrenderer.obj
c:\users\user\desktop\dev\computer_graphics\ptixiaki\global_illumination\global_illumination\x64\debug\framebuffer.obj
c:\users\user\desktop\dev\computer_graphics\ptixiaki\global_illumination\global_illumination\x64\debug\scene.obj
c:\users\user\desktop\dev\computer_graphics\ptixiaki\global_illumination\global_illumination\x64\debug\imgui_impl_glfw.obj
c:\users\user\desktop\dev\computer_graphics\ptixiaki\global_illumination\global_illumination\x64\debug\globalillumination.obj
c:\users\user\desktop\dev\computer_graphics\ptixiaki\global_illumination\global_illumination\x64\debug\mesh.obj
c:\users\user\desktop\dev\computer_graphics\ptixiaki\global_illumination\global_illumination\x64\debug\vertexbuffer.obj
c:\users\user\desktop\dev\computer_graphics\ptixiaki\global_illumination\global_illumination\x64\debug\window.obj
c:\users\user\desktop\dev\computer_graphics\ptixiaki\global_illumination\global_illumination\x64\debug\meshfactory.obj
c:\users\user\desktop\dev\computer_graphics\ptixiaki\global_illumination\global_illumination\x64\debug\objloader.obj
c:\users\user\desktop\dev\computer_graphics\ptixiaki\global_illumination\global_illumination\x64\debug\node.obj
c:\users\user\desktop\dev\computer_graphics\ptixiaki\global_illumination\global_illumination\x64\debug\imgui_impl_opengl3.obj
c:\users\user\desktop\dev\computer_graphics\ptixiaki\global_illumination\global_illumination\x64\debug\imgui_widgets.obj
c:\users\user\desktop\dev\computer_graphics\ptixiaki\global_illumination\global_illumination\x64\debug\light.obj
c:\users\user\desktop\dev\computer_graphics\ptixiaki\global_illumination\global_illumination\x64\debug\texturefactory.obj
c:\users\user\desktop\dev\computer_graphics\ptixiaki\global_illumination\global_illumination\x64\debug\voxelizerdrawstratagy.obj
c:\users\user\desktop\dev\computer_graphics\ptixiaki\global_illumination\global_illumination\x64\debug\imgui_tables.obj
c:\users\user\desktop\dev\computer_graphics\ptixiaki\global_illumination\global_illumination\x64\debug\application.obj
c:\users\user\desktop\dev\computer_graphics\ptixiaki\global_illumination\global_illumination\x64\debug\assetmanagement.obj
c:\users\user\desktop\dev\computer_graphics\ptixiaki\global_illumination\global_illumination\x64\debug\indexbuffer.obj
c:\users\user\desktop\dev\computer_graphics\ptixiaki\global_illumination\global_illumination\x64\debug\opengl.obj
c:\users\user\desktop\dev\computer_graphics\ptixiaki\global_illumination\global_illumination\x64\debug\voxelizer.obj
c:\users\user\desktop\dev\computer_graphics\ptixiaki\global_illumination\global_illumination\x64\debug\camera.obj
c:\users\user\desktop\dev\computer_graphics\ptixiaki\global_illumination\global_illumination\x64\debug\global_illumination.ilk
c:\users\user\desktop\dev\computer_graphics\ptixiaki\global_illumination\x64\debug\global_illumination.exe
c:\users\user\desktop\dev\computer_graphics\ptixiaki\global_illumination\x64\debug\global_illumination.pdb
c:\users\user\desktop\dev\computer_graphics\ptixiaki\global_illumination\global_illumination\x64\debug\global_i.4145b4e0.tlog\cl.command.1.tlog
c:\users\user\desktop\dev\computer_graphics\ptixiaki\global_illumination\global_illumination\x64\debug\global_i.4145b4e0.tlog\cl.read.1.tlog
c:\users\user\desktop\dev\computer_graphics\ptixiaki\global_illumination\global_illumination\x64\debug\global_i.4145b4e0.tlog\cl.write.1.tlog
c:\users\user\desktop\dev\computer_graphics\ptixiaki\global_illumination\global_illumination\x64\debug\global_i.4145b4e0.tlog\link.command.1.tlog
c:\users\user\desktop\dev\computer_graphics\ptixiaki\global_illumination\global_illumination\x64\debug\global_i.4145b4e0.tlog\link.read.1.tlog
c:\users\user\desktop\dev\computer_graphics\ptixiaki\global_illumination\global_illumination\x64\debug\global_i.4145b4e0.tlog\link.write.1.tlog
